<testsuites id="" name="" tests="24" failures="0" skipped="0" errors="0" time="5.589602">
<testsuite name="manutencao.spec.js" timestamp="2026-03-25T18:58:53.258Z" hostname="chromium" tests="24" failures="0" skipped="0" time="3.62" errors="0">
<testcase name="US01 - Login UI › pagina de login carrega corretamente" classname="manutencao.spec.js" time="0.355">
<system-out>
<![CDATA[
[[ATTACHMENT|manutencao-US01---Login-UI-e4148--login-carrega-corretamente-chromium\test-finished-1.png]]

[[ATTACHMENT|manutencao-US01---Login-UI-e4148--login-carrega-corretamente-chromium\trace.zip]]
]]>
</system-out>
</testcase>
<testcase name="US01 - Login UI › Given Rinaldo com senha 123456, When faz login, Then vai para dashboard" classname="manutencao.spec.js" time="1.173">
<system-out>
<![CDATA[
[[ATTACHMENT|manutencao-US01---Login-UI-e1d0f-gin-Then-vai-para-dashboard-chromium\test-finished-1.png]]

[[ATTACHMENT|manutencao-US01---Login-UI-e1d0f-gin-Then-vai-para-dashboard-chromium\trace.zip]]
]]>
</system-out>
</testcase>
<testcase name="US01 - Login UI › Given senha errada, When faz login, Then exibe erro sem redirecionar" classname="manutencao.spec.js" time="0.364">
<system-out>
<![CDATA[
[[ATTACHMENT|manutencao-US01---Login-UI-e1af8-exibe-erro-sem-redirecionar-chromium\test-finished-1.png]]

[[ATTACHMENT|manutencao-US01---Login-UI-e1af8-exibe-erro-sem-redirecionar-chromium\trace.zip]]
]]>
</system-out>
</testcase>
<testcase name="US01 - Login UI › Given Diretor Anac, When faz login, Then vai para anac.html" classname="manutencao.spec.js" time="1.168">
<system-out>
<![CDATA[
[[ATTACHMENT|manutencao-US01---Login-UI-65949-gin-Then-vai-para-anac-html-chromium\test-finished-1.png]]

[[ATTACHMENT|manutencao-US01---Login-UI-65949-gin-Then-vai-para-anac-html-chromium\trace.zip]]
]]>
</system-out>
</testcase>
<testcase name="US02 - Validacao de Prefixo (API) › prefixo valido: &quot;PT-ABC&quot;" classname="manutencao.spec.js" time="0.022">
<system-out>
<![CDATA[
[[ATTACHMENT|manutencao-US02---Validaca-89939--API-prefixo-valido-PT-ABC--chromium\trace.zip]]
]]>
</system-out>
</testcase>
<testcase name="US02 - Validacao de Prefixo (API) › prefixo valido: &quot;GL-XYZ&quot;" classname="manutencao.spec.js" time="0.032">
<system-out>
<![CDATA[
[[ATTACHMENT|manutencao-US02---Validaca-f6b42--API-prefixo-valido-GL-XYZ--chromium\trace.zip]]
]]>
</system-out>
</testcase>
<testcase name="US02 - Validacao de Prefixo (API) › prefixo valido: &quot;AD-CYP&quot;" classname="manutencao.spec.js" time="0.031">
<system-out>
<![CDATA[
[[ATTACHMENT|manutencao-US02---Validaca-4cb26--API-prefixo-valido-AD-CYP--chromium\trace.zip]]
]]>
</system-out>
</testcase>
<testcase name="US02 - Validacao de Prefixo (API) › prefixo valido: &quot;AZ-BCD&quot;" classname="manutencao.spec.js" time="0.024">
<system-out>
<![CDATA[
[[ATTACHMENT|manutencao-US02---Validaca-dd869--API-prefixo-valido-AZ-BCD--chromium\trace.zip]]
]]>
</system-out>
</testcase>
<testcase name="US02 - Validacao de Prefixo (API) › prefixo valido: &quot;LA-TAM&quot;" classname="manutencao.spec.js" time="0.022">
<system-out>
<![CDATA[
[[ATTACHMENT|manutencao-US02---Validaca-65404--API-prefixo-valido-LA-TAM--chromium\trace.zip]]
]]>
</system-out>
</testcase>
<testcase name="US02 - Validacao de Prefixo (API) › prefixo invalido: &quot;pt-abc&quot; (minusculas)" classname="manutencao.spec.js" time="0.014">
<system-out>
<![CDATA[
[[ATTACHMENT|manutencao-US02---Validaca-b364a-invalido-pt-abc-minusculas--chromium\trace.zip]]
]]>
</system-out>
</testcase>
<testcase name="US02 - Validacao de Prefixo (API) › prefixo invalido: &quot;PTABC&quot; (sem hifen)" classname="manutencao.spec.js" time="0.012">
<system-out>
<![CDATA[
[[ATTACHMENT|manutencao-US02---Validaca-9dc7b-o-invalido-PTABC-sem-hifen--chromium\trace.zip]]
]]>
</system-out>
</testcase>
<testcase name="US02 - Validacao de Prefixo (API) › prefixo invalido: &quot;P-ABC&quot; (apenas 1 letra antes do hifen)" classname="manutencao.spec.js" time="0.012">
<system-out>
<![CDATA[
[[ATTACHMENT|manutencao-US02---Validaca-48d08-nas-1-letra-antes-do-hifen--chromium\trace.zip]]
]]>
</system-out>
</testcase>
<testcase name="US02 - Validacao de Prefixo (API) › prefixo invalido: &quot;PT-AB&quot; (apenas 2 letras apos hifen)" classname="manutencao.spec.js" time="0.016">
<system-out>
<![CDATA[
[[ATTACHMENT|manutencao-US02---Validaca-bb876-apenas-2-letras-apos-hifen--chromium\trace.zip]]
]]>
</system-out>
</testcase>
<testcase name="US02 - Validacao de Prefixo (API) › prefixo invalido: &quot;PT-ABCD&quot; (mais de 3 letras apos hifen)" classname="manutencao.spec.js" time="0.013">
<system-out>
<![CDATA[
[[ATTACHMENT|manutencao-US02---Validaca-cee12-ais-de-3-letras-apos-hifen--chromium\trace.zip]]
]]>
</system-out>
</testcase>
<testcase name="US02 - Validacao de Prefixo (API) › prefixo invalido: &quot;12-ABC&quot; (numeros no prefixo)" classname="manutencao.spec.js" time="0.012">
<system-out>
<![CDATA[
[[ATTACHMENT|manutencao-US02---Validaca-352a2--12-ABC-numeros-no-prefixo--chromium\trace.zip]]
]]>
</system-out>
</testcase>
<testcase name="US02 - Validacao de Prefixo (API) › prefixo invalido: &quot;&quot; (campo vazio)" classname="manutencao.spec.js" time="0.02">
<system-out>
<![CDATA[
[[ATTACHMENT|manutencao-US02---Validaca-c9cdd-efixo-invalido-campo-vazio--chromium\trace.zip]]
]]>
</system-out>
</testcase>
<testcase name="US02 - Persistencia de Dados › Given solicitacao criada, When usuario faz logout e login novamente, Then dado ainda existe" classname="manutencao.spec.js" time="0.14">
<system-out>
<![CDATA[
[[ATTACHMENT|manutencao-US02---Persiste-d8d02-ente-Then-dado-ainda-existe-chromium\test-finished-1.png]]

[[ATTACHMENT|manutencao-US02---Persiste-d8d02-ente-Then-dado-ainda-existe-chromium\trace.zip]]
]]>
</system-out>
</testcase>
<testcase name="US02 - Persistencia de Dados › Given dados criados por Rinaldo, When Diretor consulta, Then ve a solicitacao com status correto apos aprovacao" classname="manutencao.spec.js" time="0.08">
<system-out>
<![CDATA[
[[ATTACHMENT|manutencao-US02---Persiste-78c11-atus-correto-apos-aprovacao-chromium\trace.zip]]
]]>
</system-out>
</testcase>
<testcase name="Seguranca - Controle de Acesso › GET /solicitacoes sem token retorna 401" classname="manutencao.spec.js" time="0.011">
<system-out>
<![CDATA[
[[ATTACHMENT|manutencao-Seguranca---Con-3967d-acoes-sem-token-retorna-401-chromium\trace.zip]]
]]>
</system-out>
</testcase>
<testcase name="Seguranca - Controle de Acesso › GET /solicitacoes com token invalido retorna 401" classname="manutencao.spec.js" time="0.011">
<system-out>
<![CDATA[
[[ATTACHMENT|manutencao-Seguranca---Con-5216a--token-invalido-retorna-401-chromium\trace.zip]]
]]>
</system-out>
</testcase>
<testcase name="Seguranca - Controle de Acesso › Colaborador nao pode aprovar solicitacao (403)" classname="manutencao.spec.js" time="0.018">
<system-out>
<![CDATA[
[[ATTACHMENT|manutencao-Seguranca---Con-05f01-de-aprovar-solicitacao-403--chromium\trace.zip]]
]]>
</system-out>
</testcase>
<testcase name="Seguranca - Controle de Acesso › Diretor nao pode criar solicitacao (403)" classname="manutencao.spec.js" time="0.016">
<system-out>
<![CDATA[
[[ATTACHMENT|manutencao-Seguranca---Con-a7bdb-pode-criar-solicitacao-403--chromium\trace.zip]]
]]>
</system-out>
</testcase>
<testcase name="Seguranca - Controle de Acesso › Given usuario logado, When faz logout, Then token invalido retorna 401" classname="manutencao.spec.js" time="0.033">
<system-out>
<![CDATA[
[[ATTACHMENT|manutencao-Seguranca---Con-da024--token-invalido-retorna-401-chromium\trace.zip]]
]]>
</system-out>
</testcase>
<testcase name="Seguranca - Controle de Acesso › Status invalido retorna 400" classname="manutencao.spec.js" time="0.021">
<system-out>
<![CDATA[
[[ATTACHMENT|manutencao-Seguranca---Con-6d067-Status-invalido-retorna-400-chromium\trace.zip]]
]]>
</system-out>
</testcase>
</testsuite>
</testsuites>